c:\users\joost\documents\visual studio 2015\projects\machiavelli_new\machiavelli_new\debug\vc140.pdb
c:\users\joost\documents\visual studio 2015\projects\machiavelli_new\machiavelli_new\debug\vc140.idb
c:\users\joost\documents\visual studio 2015\projects\machiavelli_new\machiavelli_new\debug\main.obj
c:\users\joost\documents\visual studio 2015\projects\machiavelli_new\machiavelli_new\debug\player.obj
c:\users\joost\documents\visual studio 2015\projects\machiavelli_new\machiavelli_new\debug\socket.obj
c:\users\joost\documents\visual studio 2015\projects\machiavelli_new\machiavelli_new\debug\throw.obj
c:\users\joost\documents\visual studio 2015\projects\machiavelli_new\machiavelli_new\debug\game.obj
c:\users\joost\documents\visual studio 2015\projects\machiavelli_new\machiavelli_new\debug\basecard.obj
c:\users\joost\documents\visual studio 2015\projects\machiavelli_new\machiavelli_new\debug\buildingcard.obj
c:\users\joost\documents\visual studio 2015\projects\machiavelli_new\machiavelli_new\debug\cardreader.obj
c:\users\joost\documents\visual studio 2015\projects\machiavelli_new\machiavelli_new\debug\charactercard.obj
c:\users\joost\documents\visual studio 2015\projects\machiavelli_new\machiavelli_new\debug\choose.obj
c:\users\joost\documents\visual studio 2015\projects\machiavelli_new\debug\machiavelli_new.pdb
c:\users\joost\documents\visual studio 2015\projects\machiavelli_new\machiavelli_new\debug\machiavelli_new.tlog\cl.command.1.tlog
c:\users\joost\documents\visual studio 2015\projects\machiavelli_new\machiavelli_new\debug\machiavelli_new.tlog\cl.read.1.tlog
c:\users\joost\documents\visual studio 2015\projects\machiavelli_new\machiavelli_new\debug\machiavelli_new.tlog\cl.write.1.tlog
c:\users\joost\documents\visual studio 2015\projects\machiavelli_new\machiavelli_new\debug\machiavelli_new.tlog\link-cvtres.read.1.tlog
c:\users\joost\documents\visual studio 2015\projects\machiavelli_new\machiavelli_new\debug\machiavelli_new.tlog\link-cvtres.write.1.tlog
c:\users\joost\documents\visual studio 2015\projects\machiavelli_new\machiavelli_new\debug\machiavelli_new.tlog\link-rc.read.1.tlog
c:\users\joost\documents\visual studio 2015\projects\machiavelli_new\machiavelli_new\debug\machiavelli_new.tlog\link-rc.write.1.tlog
c:\users\joost\documents\visual studio 2015\projects\machiavelli_new\machiavelli_new\debug\machiavelli_new.tlog\link.12068-cvtres.read.1.tlog
c:\users\joost\documents\visual studio 2015\projects\machiavelli_new\machiavelli_new\debug\machiavelli_new.tlog\link.12068-cvtres.write.1.tlog
c:\users\joost\documents\visual studio 2015\projects\machiavelli_new\machiavelli_new\debug\machiavelli_new.tlog\link.12068-rc.read.1.tlog
c:\users\joost\documents\visual studio 2015\projects\machiavelli_new\machiavelli_new\debug\machiavelli_new.tlog\link.12068-rc.write.1.tlog
c:\users\joost\documents\visual studio 2015\projects\machiavelli_new\machiavelli_new\debug\machiavelli_new.tlog\link.12068.read.1.tlog
c:\users\joost\documents\visual studio 2015\projects\machiavelli_new\machiavelli_new\debug\machiavelli_new.tlog\link.12068.write.1.tlog
c:\users\joost\documents\visual studio 2015\projects\machiavelli_new\machiavelli_new\debug\machiavelli_new.tlog\link.command.1.tlog
c:\users\joost\documents\visual studio 2015\projects\machiavelli_new\machiavelli_new\debug\machiavelli_new.tlog\link.read.1.tlog
c:\users\joost\documents\visual studio 2015\projects\machiavelli_new\machiavelli_new\debug\machiavelli_new.tlog\link.write.1.tlog
